\BOOKMARK [1][-]{section.1}{Problem contextualization}{}% 1
\BOOKMARK [2][-]{subsection.1.1}{Use case example}{section.1}% 2
\BOOKMARK [2][-]{subsection.1.2}{Classes of users and Phases}{section.1}% 3
\BOOKMARK [1][-]{section.2}{Algorithm Description}{}% 4
\BOOKMARK [2][-]{subsection.2.1}{Stationary case}{section.2}% 5
\BOOKMARK [3][-]{subsubsection.2.1.1}{Sequential AB testing}{subsection.2.1}% 6
\BOOKMARK [3][-]{subsubsection.2.1.2}{UCB1}{subsection.2.1}% 7
\BOOKMARK [3][-]{subsubsection.2.1.3}{Thompson Sampling}{subsection.2.1}% 8
\BOOKMARK [3][-]{subsubsection.2.1.4}{Greedy}{subsection.2.1}% 9
\BOOKMARK [2][-]{subsection.2.2}{Non-Stationary case}{section.2}% 10
\BOOKMARK [3][-]{subsubsection.2.2.1}{NS-UCB1 and NS-TS}{subsection.2.2}% 11
\BOOKMARK [1][-]{section.3}{Contexts}{}% 12
\BOOKMARK [2][-]{subsection.3.1}{Splitting condition}{section.3}% 13
\BOOKMARK [2][-]{subsection.3.2}{Non stationary case}{section.3}% 14
\BOOKMARK [1][-]{section.4}{Code Structure}{}% 15
\BOOKMARK [1][-]{section.5}{Results}{}% 16
\BOOKMARK [2][-]{subsection.5.1}{Experiment setup}{section.5}% 17
\BOOKMARK [2][-]{subsection.5.2}{Demand curves}{section.5}% 18
\BOOKMARK [3][-]{subsubsection.5.2.1}{Rho Fiera}{subsection.5.2}% 19
\BOOKMARK [3][-]{subsubsection.5.2.2}{Porta Garibaldi}{subsection.5.2}% 20
\BOOKMARK [3][-]{subsubsection.5.2.3}{Citt\340 Studi}{subsection.5.2}% 21
\BOOKMARK [2][-]{subsection.5.3}{Results}{section.5}% 22
\BOOKMARK [3][-]{subsubsection.5.3.1}{Stationary}{subsection.5.3}% 23
\BOOKMARK [3][-]{subsubsection.5.3.2}{Non stationary}{subsection.5.3}% 24
\BOOKMARK [3][-]{subsubsection.5.3.3}{Contextual stationary}{subsection.5.3}% 25
\BOOKMARK [3][-]{subsubsection.5.3.4}{Contextual non stationary}{subsection.5.3}% 26
\BOOKMARK [1][-]{section.6}{Conclusions}{}% 27
